<?xml version="1.0" encoding="UTF-8" ?>
<testsuite tests="27" failures="0" name="com.features.TestRunner" time="1.019" errors="0" skipped="0">
  <properties>
    <property name="java.runtime.name" value="Java(TM) SE Runtime Environment"/>
    <property name="sun.boot.library.path" value="C:\Program Files\Java\jdk1.8.0_102\jre\bin"/>
    <property name="java.vm.version" value="25.102-b14"/>
    <property name="java.vm.vendor" value="Oracle Corporation"/>
    <property name="maven.multiModuleProjectDirectory" value="C:\Users\Shreyas\workspace\BuildAutomationAssessment"/>
    <property name="java.vendor.url" value="http://java.oracle.com/"/>
    <property name="path.separator" value=";"/>
    <property name="guice.disable.misplaced.annotation.check" value="true"/>
    <property name="java.vm.name" value="Java HotSpot(TM) 64-Bit Server VM"/>
    <property name="file.encoding.pkg" value="sun.io"/>
    <property name="user.script" value=""/>
    <property name="user.country" value="US"/>
    <property name="sun.java.launcher" value="SUN_STANDARD"/>
    <property name="sun.os.patch.level" value="Service Pack 1"/>
    <property name="java.vm.specification.name" value="Java Virtual Machine Specification"/>
    <property name="user.dir" value="C:\Users\Shreyas\workspace\BuildAutomationAssessment"/>
    <property name="java.runtime.version" value="1.8.0_102-b14"/>
    <property name="java.awt.graphicsenv" value="sun.awt.Win32GraphicsEnvironment"/>
    <property name="java.endorsed.dirs" value="C:\Program Files\Java\jdk1.8.0_102\jre\lib\endorsed"/>
    <property name="os.arch" value="amd64"/>
    <property name="java.io.tmpdir" value="C:\Users\Shreyas\AppData\Local\Temp\"/>
    <property name="line.separator" value="
"/>
    <property name="java.vm.specification.vendor" value="Oracle Corporation"/>
    <property name="user.variant" value=""/>
    <property name="os.name" value="Windows 7"/>
    <property name="classworlds.conf" value="C:\Users\Shreyas\workspace\.metadata\.plugins\org.eclipse.m2e.launching\launches\m2conf7601248326588128010.tmp"/>
    <property name="sun.jnu.encoding" value="Cp1252"/>
    <property name="java.library.path" value="C:\Program Files\Java\jdk1.8.0_102\bin;C:\Windows\Sun\Java\bin;C:\Windows\system32;C:\Windows;C:/Program Files/Java/jre1.8.0_102/bin/server;C:/Program Files/Java/jre1.8.0_102/bin;C:/Program Files/Java/jre1.8.0_102/lib/amd64;C:\ProgramData\Oracle\Java\javapath;C:\Windows\system32;C:\Windows;C:\Windows\System32\Wbem;C:\Windows\System32\WindowsPowerShell\v1.0\;C:\Program Files\WIDCOMM\Bluetooth Software\;C:\Program Files\WIDCOMM\Bluetooth Software\syswow64;C:\Program Files\Dell\DW WLAN Card;C:\Program Files\Java\jdk1.8.0_102;C:\Program Files\Java\jdk1.8.0_102\bin;C:\Android_SDK\platform-tools;C:\Android_SDK\tools;C:\Program Files\Git\cmd;C:\Apache_Ant\apache-ant-1.9.7\bin;C:\Program Files\Microsoft\Web Platform Installer\;C:\Program Files (x86)\Microsoft ASP.NET\ASP.NET Web Pages\v1.0\;C:\Program Files\Microsoft SQL Server\110\Tools\Binn\;C:\Program Files\MySQL\MySQL Utilities 1.6\;C:\Program Files (x86)\Microsoft SQL Server\100\Tools\Binn\;C:\Program Files\Microsoft SQL Server\100\Tools\Binn\;C:\Program Files\Microsoft SQL Server\100\DTS\Binn\;C:\Program Files\nodejs\;C:\Program Files (x86)\Windows Kits\8.0\Windows Performance Toolkit\;C:\Program Files (x86)\Skype\Phone\;C:\Ruby23-x64\bin;C:\Apache_Ant\apache-ant-1.9.7;C:\Maven\apache-maven-3.3.9\bin;C:\Users\Shreyas\AppData\Roaming\npm;C:\Program Files\nodejs;C:\Users\Shreyas\Desktop;;."/>
    <property name="java.specification.name" value="Java Platform API Specification"/>
    <property name="java.class.version" value="52.0"/>
    <property name="sun.management.compiler" value="HotSpot 64-Bit Tiered Compilers"/>
    <property name="os.version" value="6.1"/>
    <property name="user.home" value="C:\Users\Shreyas"/>
    <property name="user.timezone" value="America/Chicago"/>
    <property name="java.awt.printerjob" value="sun.awt.windows.WPrinterJob"/>
    <property name="java.specification.version" value="1.8"/>
    <property name="file.encoding" value="Cp1252"/>
    <property name="user.name" value="Shreyas"/>
    <property name="java.class.path" value="/C:/Users/Shreyas/.p2/pool/plugins/org.eclipse.m2e.maven.runtime_1.7.0.20160603-1931/jars/plexus-classworlds-2.5.2.jar"/>
    <property name="java.vm.specification.version" value="1.8"/>
    <property name="sun.arch.data.model" value="64"/>
    <property name="java.home" value="C:\Program Files\Java\jdk1.8.0_102\jre"/>
    <property name="sun.java.command" value="org.codehaus.plexus.classworlds.launcher.Launcher -B install"/>
    <property name="java.specification.vendor" value="Oracle Corporation"/>
    <property name="user.language" value="en"/>
    <property name="awt.toolkit" value="sun.awt.windows.WToolkit"/>
    <property name="java.vm.info" value="mixed mode"/>
    <property name="java.version" value="1.8.0_102"/>
    <property name="java.ext.dirs" value="C:\Program Files\Java\jdk1.8.0_102\jre\lib\ext;C:\Windows\Sun\Java\lib\ext"/>
    <property name="sun.boot.class.path" value="C:\Program Files\Java\jdk1.8.0_102\jre\lib\resources.jar;C:\Program Files\Java\jdk1.8.0_102\jre\lib\rt.jar;C:\Program Files\Java\jdk1.8.0_102\jre\lib\sunrsasign.jar;C:\Program Files\Java\jdk1.8.0_102\jre\lib\jsse.jar;C:\Program Files\Java\jdk1.8.0_102\jre\lib\jce.jar;C:\Program Files\Java\jdk1.8.0_102\jre\lib\charsets.jar;C:\Program Files\Java\jdk1.8.0_102\jre\lib\jfr.jar;C:\Program Files\Java\jdk1.8.0_102\jre\classes"/>
    <property name="java.vendor" value="Oracle Corporation"/>
    <property name="maven.home" value="C:\Users\Shreyas\workspace\BuildAutomationAssessment\EMBEDDED"/>
    <property name="file.separator" value="\"/>
    <property name="java.vendor.url.bug" value="http://bugreport.sun.com/bugreport/"/>
    <property name="sun.cpu.endian" value="little"/>
    <property name="sun.io.unicode.encoding" value="UnicodeLittle"/>
    <property name="sun.desktop" value="windows"/>
    <property name="sun.cpu.isalist" value="amd64"/>
  </properties>
  <testcase classname="| Shreyas | Patil | Build | 3041 S Michigan Ave | Apt 211 | 60616 | Chicago | Illinois | United States | 3128891919 | patilsr91@gmail.com | 4111111111111111 | 02 | 2017 | Shreyas Patil | 123 | https://www.build.com/index.cfm?page=checkout:review |" name="Given I open the browser and navigate to build website homepage" time="0.005"/>
  <testcase classname="| Shreyas | Patil | Build | 3041 S Michigan Ave | Apt 211 | 60616 | Chicago | Illinois | United States | 3128891919 | patilsr91@gmail.com | 4111111111111111 | 02 | 2017 | Shreyas Patil | 123 | https://www.build.com/index.cfm?page=checkout:review |" name="Then I add one product with Suede Kohler K66266U name to the cart" time="0.026"/>
  <testcase classname="| Shreyas | Patil | Build | 3041 S Michigan Ave | Apt 211 | 60616 | Chicago | Illinois | United States | 3128891919 | patilsr91@gmail.com | 4111111111111111 | 02 | 2017 | Shreyas Patil | 123 | https://www.build.com/index.cfm?page=checkout:review |" name="Then I add one product with Cashmere Kohler K66266U name to the cart" time="0"/>
  <testcase classname="| Shreyas | Patil | Build | 3041 S Michigan Ave | Apt 211 | 60616 | Chicago | Illinois | United States | 3128891919 | patilsr91@gmail.com | 4111111111111111 | 02 | 2017 | Shreyas Patil | 123 | https://www.build.com/index.cfm?page=checkout:review |" name="Then I add two product with Kohler K-5180-ST name to the cart" time="0.007"/>
  <testcase classname="| Shreyas | Patil | Build | 3041 S Michigan Ave | Apt 211 | 60616 | Chicago | Illinois | United States | 3128891919 | patilsr91@gmail.com | 4111111111111111 | 02 | 2017 | Shreyas Patil | 123 | https://www.build.com/index.cfm?page=checkout:review |" name="Then I checkout from shopping" time="0"/>
  <testcase classname="| Shreyas | Patil | Build | 3041 S Michigan Ave | Apt 211 | 60616 | Chicago | Illinois | United States | 3128891919 | patilsr91@gmail.com | 4111111111111111 | 02 | 2017 | Shreyas Patil | 123 | https://www.build.com/index.cfm?page=checkout:review |" name="Then I select checkout as guest option" time="0.008"/>
  <testcase classname="| Shreyas | Patil | Build | 3041 S Michigan Ave | Apt 211 | 60616 | Chicago | Illinois | United States | 3128891919 | patilsr91@gmail.com | 4111111111111111 | 02 | 2017 | Shreyas Patil | 123 | https://www.build.com/index.cfm?page=checkout:review |" name="Then I enter Shreyas in first name field of Shipping Address Form" time="0"/>
  <testcase classname="| Shreyas | Patil | Build | 3041 S Michigan Ave | Apt 211 | 60616 | Chicago | Illinois | United States | 3128891919 | patilsr91@gmail.com | 4111111111111111 | 02 | 2017 | Shreyas Patil | 123 | https://www.build.com/index.cfm?page=checkout:review |" name="Then I enter Patil in last name field of Shipping Address Form" time="0"/>
  <testcase classname="| Shreyas | Patil | Build | 3041 S Michigan Ave | Apt 211 | 60616 | Chicago | Illinois | United States | 3128891919 | patilsr91@gmail.com | 4111111111111111 | 02 | 2017 | Shreyas Patil | 123 | https://www.build.com/index.cfm?page=checkout:review |" name="Then I enter Build in company name field of Shipping Address Form" time="0"/>
  <testcase classname="| Shreyas | Patil | Build | 3041 S Michigan Ave | Apt 211 | 60616 | Chicago | Illinois | United States | 3128891919 | patilsr91@gmail.com | 4111111111111111 | 02 | 2017 | Shreyas Patil | 123 | https://www.build.com/index.cfm?page=checkout:review |" name="Then I enter 3041 S Michigan Ave in street address field of Shipping Address Form" time="0"/>
  <testcase classname="| Shreyas | Patil | Build | 3041 S Michigan Ave | Apt 211 | 60616 | Chicago | Illinois | United States | 3128891919 | patilsr91@gmail.com | 4111111111111111 | 02 | 2017 | Shreyas Patil | 123 | https://www.build.com/index.cfm?page=checkout:review |" name="Then I enter Apt 211 in apartment address field of Shipping Address Form" time="0.008"/>
  <testcase classname="| Shreyas | Patil | Build | 3041 S Michigan Ave | Apt 211 | 60616 | Chicago | Illinois | United States | 3128891919 | patilsr91@gmail.com | 4111111111111111 | 02 | 2017 | Shreyas Patil | 123 | https://www.build.com/index.cfm?page=checkout:review |" name="Then I enter 60616 in zip code field of Shipping Address Form" time="0"/>
  <testcase classname="| Shreyas | Patil | Build | 3041 S Michigan Ave | Apt 211 | 60616 | Chicago | Illinois | United States | 3128891919 | patilsr91@gmail.com | 4111111111111111 | 02 | 2017 | Shreyas Patil | 123 | https://www.build.com/index.cfm?page=checkout:review |" name="Then I enter Chicago in city field of Shipping Address Form" time="0"/>
  <testcase classname="| Shreyas | Patil | Build | 3041 S Michigan Ave | Apt 211 | 60616 | Chicago | Illinois | United States | 3128891919 | patilsr91@gmail.com | 4111111111111111 | 02 | 2017 | Shreyas Patil | 123 | https://www.build.com/index.cfm?page=checkout:review |" name="Then I select Illinois from state dropdown in Shipping Address Form" time="0.001"/>
  <testcase classname="| Shreyas | Patil | Build | 3041 S Michigan Ave | Apt 211 | 60616 | Chicago | Illinois | United States | 3128891919 | patilsr91@gmail.com | 4111111111111111 | 02 | 2017 | Shreyas Patil | 123 | https://www.build.com/index.cfm?page=checkout:review |" name="Then I select United States from country dropdown in Shipping Address Form" time="0"/>
  <testcase classname="| Shreyas | Patil | Build | 3041 S Michigan Ave | Apt 211 | 60616 | Chicago | Illinois | United States | 3128891919 | patilsr91@gmail.com | 4111111111111111 | 02 | 2017 | Shreyas Patil | 123 | https://www.build.com/index.cfm?page=checkout:review |" name="Then I enter 3128891919 in phone field of Shipping Address Form" time="0"/>
  <testcase classname="| Shreyas | Patil | Build | 3041 S Michigan Ave | Apt 211 | 60616 | Chicago | Illinois | United States | 3128891919 | patilsr91@gmail.com | 4111111111111111 | 02 | 2017 | Shreyas Patil | 123 | https://www.build.com/index.cfm?page=checkout:review |" name="Then I enter patilsr91@gmail.com in email field of Shipping Address Form" time="0"/>
  <testcase classname="| Shreyas | Patil | Build | 3041 S Michigan Ave | Apt 211 | 60616 | Chicago | Illinois | United States | 3128891919 | patilsr91@gmail.com | 4111111111111111 | 02 | 2017 | Shreyas Patil | 123 | https://www.build.com/index.cfm?page=checkout:review |" name="Then I enter 4111111111111111 in credit card number field of Shipping Address Form" time="0"/>
  <testcase classname="| Shreyas | Patil | Build | 3041 S Michigan Ave | Apt 211 | 60616 | Chicago | Illinois | United States | 3128891919 | patilsr91@gmail.com | 4111111111111111 | 02 | 2017 | Shreyas Patil | 123 | https://www.build.com/index.cfm?page=checkout:review |" name="Then I select 02 in credit card month validity field of Shipping Address Form" time="0"/>
  <testcase classname="| Shreyas | Patil | Build | 3041 S Michigan Ave | Apt 211 | 60616 | Chicago | Illinois | United States | 3128891919 | patilsr91@gmail.com | 4111111111111111 | 02 | 2017 | Shreyas Patil | 123 | https://www.build.com/index.cfm?page=checkout:review |" name="Then I select 2017 in credit card year validity field of Shipping Address Form" time="0.002"/>
  <testcase classname="| Shreyas | Patil | Build | 3041 S Michigan Ave | Apt 211 | 60616 | Chicago | Illinois | United States | 3128891919 | patilsr91@gmail.com | 4111111111111111 | 02 | 2017 | Shreyas Patil | 123 | https://www.build.com/index.cfm?page=checkout:review |" name="Then I enter Shreyas Patil in cardName field of Shipping Address Form" time="0.005"/>
  <testcase classname="| Shreyas | Patil | Build | 3041 S Michigan Ave | Apt 211 | 60616 | Chicago | Illinois | United States | 3128891919 | patilsr91@gmail.com | 4111111111111111 | 02 | 2017 | Shreyas Patil | 123 | https://www.build.com/index.cfm?page=checkout:review |" name="Then I enter 123 in cvv field of Shipping Address Form" time="0"/>
  <testcase classname="| Shreyas | Patil | Build | 3041 S Michigan Ave | Apt 211 | 60616 | Chicago | Illinois | United States | 3128891919 | patilsr91@gmail.com | 4111111111111111 | 02 | 2017 | Shreyas Patil | 123 | https://www.build.com/index.cfm?page=checkout:review |" name="Then I click on Review Order button" time="0"/>
  <testcase classname="| Shreyas | Patil | Build | 3041 S Michigan Ave | Apt 211 | 60616 | Chicago | Illinois | United States | 3128891919 | patilsr91@gmail.com | 4111111111111111 | 02 | 2017 | Shreyas Patil | 123 | https://www.build.com/index.cfm?page=checkout:review |" name="Then I verify https://www.build.com/index.cfm?page=checkout:review for delivery &amp; review page" time="0"/>
  <testcase classname="| Shreyas | Patil | Build | 3041 S Michigan Ave | Apt 211 | 60616 | Chicago | Illinois | United States | 3128891919 | patilsr91@gmail.com | 4111111111111111 | 02 | 2017 | Shreyas Patil | 123 | https://www.build.com/index.cfm?page=checkout:review |" name="Then I verify that CA tax is correct" time="0"/>
  <testcase classname="| Shreyas | Patil | Build | 3041 S Michigan Ave | Apt 211 | 60616 | Chicago | Illinois | United States | 3128891919 | patilsr91@gmail.com | 4111111111111111 | 02 | 2017 | Shreyas Patil | 123 | https://www.build.com/index.cfm?page=checkout:review |" name="Then I verify that grand total is correct" time="0"/>
  <testcase classname="| Shreyas | Patil | Build | 3041 S Michigan Ave | Apt 211 | 60616 | Chicago | Illinois | United States | 3128891919 | patilsr91@gmail.com | 4111111111111111 | 02 | 2017 | Shreyas Patil | 123 | https://www.build.com/index.cfm?page=checkout:review |" name="| Shreyas | Patil | Build | 3041 S Michigan Ave | Apt 211 | 60616 | Chicago | Illinois | United States | 3128891919 | patilsr91@gmail.com | 4111111111111111 | 02 | 2017 | Shreyas Patil | 123 | https://www.build.com/index.cfm?page=checkout:review |" time="0.957"/>
</testsuite>